This is pdfTeX, Version 3.141592653-2.6-1.40.25 (MiKTeX 24.1) (preloaded format=pdflatex 2025.4.24)  6 MAY 2025 09:02
entering extended mode
 restricted \write18 enabled.
 file:line:error style messages enabled.
 %&-line parsing enabled.
**c:/Users/madha/Desktop/Planar-Resonator-Structure/report.tex
(c:/Users/madha/Desktop/Planar-Resonator-Structure/report.tex
LaTeX2e <2023-11-01> patch level 1
L3 programming layer <2024-01-04>
(C:\Users\madha\AppData\Local\Programs\MiKTeX\tex/latex/ieeetran\IEEEtran.cls
Document Class: IEEEtran 2015/08/26 V1.8b by Michael Shell
-- See the "IEEEtran_HOWTO" manual for usage information.
-- http://www.michaelshell.org/tex/ieeetran/
\@IEEEtrantmpdimenA=\dimen140
\@IEEEtrantmpdimenB=\dimen141
\@IEEEtrantmpdimenC=\dimen142
\@IEEEtrantmpcountA=\count187
\@IEEEtrantmpcountB=\count188
\@IEEEtrantmpcountC=\count189
\@IEEEtrantmptoksA=\toks17
LaTeX Font Info:    Trying to load font information for OT1+ptm on input line 503.
(C:\Users\madha\AppData\Local\Programs\MiKTeX\tex/latex/psnfss\ot1ptm.fd
File: ot1ptm.fd 2001/06/04 font definitions for OT1/ptm.
)
-- Using 8.5in x 11in (letter) paper.
-- Using PDF output.
\@IEEEnormalsizeunitybaselineskip=\dimen143
-- This is a 10 point document.
\CLASSINFOnormalsizebaselineskip=\dimen144
\CLASSINFOnormalsizeunitybaselineskip=\dimen145
\IEEEnormaljot=\dimen146
LaTeX Font Info:    Font shape `OT1/ptm/bx/n' in size <5> not available
(Font)              Font shape `OT1/ptm/b/n' tried instead on input line 1090.
LaTeX Font Info:    Font shape `OT1/ptm/bx/it' in size <5> not available
(Font)              Font shape `OT1/ptm/b/it' tried instead on input line 1090.
LaTeX Font Info:    Font shape `OT1/ptm/bx/n' in size <7> not available
(Font)              Font shape `OT1/ptm/b/n' tried instead on input line 1090.
LaTeX Font Info:    Font shape `OT1/ptm/bx/it' in size <7> not available
(Font)              Font shape `OT1/ptm/b/it' tried instead on input line 1090.
LaTeX Font Info:    Font shape `OT1/ptm/bx/n' in size <8> not available
(Font)              Font shape `OT1/ptm/b/n' tried instead on input line 1090.
LaTeX Font Info:    Font shape `OT1/ptm/bx/it' in size <8> not available
(Font)              Font shape `OT1/ptm/b/it' tried instead on input line 1090.
LaTeX Font Info:    Font shape `OT1/ptm/bx/n' in size <9> not available
(Font)              Font shape `OT1/ptm/b/n' tried instead on input line 1090.
LaTeX Font Info:    Font shape `OT1/ptm/bx/it' in size <9> not available
(Font)              Font shape `OT1/ptm/b/it' tried instead on input line 1090.
LaTeX Font Info:    Font shape `OT1/ptm/bx/n' in size <10> not available
(Font)              Font shape `OT1/ptm/b/n' tried instead on input line 1090.
LaTeX Font Info:    Font shape `OT1/ptm/bx/it' in size <10> not available
(Font)              Font shape `OT1/ptm/b/it' tried instead on input line 1090.
LaTeX Font Info:    Font shape `OT1/ptm/bx/n' in size <11> not available
(Font)              Font shape `OT1/ptm/b/n' tried instead on input line 1090.
LaTeX Font Info:    Font shape `OT1/ptm/bx/it' in size <11> not available
(Font)              Font shape `OT1/ptm/b/it' tried instead on input line 1090.
LaTeX Font Info:    Font shape `OT1/ptm/bx/n' in size <12> not available
(Font)              Font shape `OT1/ptm/b/n' tried instead on input line 1090.
LaTeX Font Info:    Font shape `OT1/ptm/bx/it' in size <12> not available
(Font)              Font shape `OT1/ptm/b/it' tried instead on input line 1090.
LaTeX Font Info:    Font shape `OT1/ptm/bx/n' in size <17> not available
(Font)              Font shape `OT1/ptm/b/n' tried instead on input line 1090.
LaTeX Font Info:    Font shape `OT1/ptm/bx/it' in size <17> not available
(Font)              Font shape `OT1/ptm/b/it' tried instead on input line 1090.
LaTeX Font Info:    Font shape `OT1/ptm/bx/n' in size <20> not available
(Font)              Font shape `OT1/ptm/b/n' tried instead on input line 1090.
LaTeX Font Info:    Font shape `OT1/ptm/bx/it' in size <20> not available
(Font)              Font shape `OT1/ptm/b/it' tried instead on input line 1090.
LaTeX Font Info:    Font shape `OT1/ptm/bx/n' in size <24> not available
(Font)              Font shape `OT1/ptm/b/n' tried instead on input line 1090.
LaTeX Font Info:    Font shape `OT1/ptm/bx/it' in size <24> not available
(Font)              Font shape `OT1/ptm/b/it' tried instead on input line 1090.
\IEEEquantizedlength=\dimen147
\IEEEquantizedlengthdiff=\dimen148
\IEEEquantizedtextheightdiff=\dimen149
\IEEEilabelindentA=\dimen150
\IEEEilabelindentB=\dimen151
\IEEEilabelindent=\dimen152
\IEEEelabelindent=\dimen153
\IEEEdlabelindent=\dimen154
\IEEElabelindent=\dimen155
\IEEEiednormlabelsep=\dimen156
\IEEEiedmathlabelsep=\dimen157
\IEEEiedtopsep=\skip48
\c@section=\count190
\c@subsection=\count191
\c@subsubsection=\count192
\c@paragraph=\count193
\c@IEEEsubequation=\count194
\abovecaptionskip=\skip49
\belowcaptionskip=\skip50
\c@figure=\count195
\c@table=\count196
\@IEEEeqnnumcols=\count197
\@IEEEeqncolcnt=\count198
\@IEEEsubeqnnumrollback=\count199
\@IEEEquantizeheightA=\dimen158
\@IEEEquantizeheightB=\dimen159
\@IEEEquantizeheightC=\dimen160
\@IEEEquantizeprevdepth=\dimen161
\@IEEEquantizemultiple=\count266
\@IEEEquantizeboxA=\box51
\@IEEEtmpitemindent=\dimen162
\IEEEPARstartletwidth=\dimen163
\c@IEEEbiography=\count267
\@IEEEtranrubishbin=\box52
)
** ATTENTION: Overriding command lockouts (line 2).
(C:\Users\madha\AppData\Local\Programs\MiKTeX\tex/latex/cite\cite.sty
LaTeX Info: Redefining \cite on input line 302.
LaTeX Info: Redefining \nocite on input line 332.
Package: cite 2015/02/27  v 5.5
) (C:\Users\madha\AppData\Local\Programs\MiKTeX\tex/latex/amsmath\amsmath.sty
Package: amsmath 2023/05/13 v2.17o AMS math features
\@mathmargin=\skip51

For additional information on amsmath, use the `?' option.
(C:\Users\madha\AppData\Local\Programs\MiKTeX\tex/latex/amsmath\amstext.sty
Package: amstext 2021/08/26 v2.01 AMS text
 (C:\Users\madha\AppData\Local\Programs\MiKTeX\tex/latex/amsmath\amsgen.sty
File: amsgen.sty 1999/11/30 v2.0 generic functions
\@emptytoks=\toks18
\ex@=\dimen164
)) (C:\Users\madha\AppData\Local\Programs\MiKTeX\tex/latex/amsmath\amsbsy.sty
Package: amsbsy 1999/11/29 v1.2d Bold Symbols
\pmbraise@=\dimen165
) (C:\Users\madha\AppData\Local\Programs\MiKTeX\tex/latex/amsmath\amsopn.sty
Package: amsopn 2022/04/08 v2.04 operator names
)
\inf@bad=\count268
LaTeX Info: Redefining \frac on input line 234.
\uproot@=\count269
\leftroot@=\count270
LaTeX Info: Redefining \overline on input line 399.
LaTeX Info: Redefining \colon on input line 410.
\classnum@=\count271
\DOTSCASE@=\count272
LaTeX Info: Redefining \ldots on input line 496.
LaTeX Info: Redefining \dots on input line 499.
LaTeX Info: Redefining \cdots on input line 620.
\Mathstrutbox@=\box53
\strutbox@=\box54
LaTeX Info: Redefining \big on input line 722.
LaTeX Info: Redefining \Big on input line 723.
LaTeX Info: Redefining \bigg on input line 724.
LaTeX Info: Redefining \Bigg on input line 725.
\big@size=\dimen166
LaTeX Font Info:    Redeclaring font encoding OML on input line 743.
LaTeX Font Info:    Redeclaring font encoding OMS on input line 744.
\macc@depth=\count273
LaTeX Info: Redefining \bmod on input line 905.
LaTeX Info: Redefining \pmod on input line 910.
LaTeX Info: Redefining \smash on input line 940.
LaTeX Info: Redefining \relbar on input line 970.
LaTeX Info: Redefining \Relbar on input line 971.
\c@MaxMatrixCols=\count274
\dotsspace@=\muskip16
\c@parentequation=\count275
\dspbrk@lvl=\count276
\tag@help=\toks19
\row@=\count277
\column@=\count278
\maxfields@=\count279
\andhelp@=\toks20
\eqnshift@=\dimen167
\alignsep@=\dimen168
\tagshift@=\dimen169
\tagwidth@=\dimen170
\totwidth@=\dimen171
\lineht@=\dimen172
\@envbody=\toks21
\multlinegap=\skip52
\multlinetaggap=\skip53
\mathdisplay@stack=\toks22
LaTeX Info: Redefining \[ on input line 2953.
LaTeX Info: Redefining \] on input line 2954.
) (C:\Users\madha\AppData\Local\Programs\MiKTeX\tex/latex/amsfonts\amssymb.sty
Package: amssymb 2013/01/14 v3.01 AMS font symbols
 (C:\Users\madha\AppData\Local\Programs\MiKTeX\tex/latex/amsfonts\amsfonts.sty
Package: amsfonts 2013/01/14 v3.01 Basic AMSFonts support
\symAMSa=\mathgroup4
\symAMSb=\mathgroup5
LaTeX Font Info:    Redeclaring math symbol \hbar on input line 98.
LaTeX Font Info:    Overwriting math alphabet `\mathfrak' in version `bold'
(Font)                  U/euf/m/n --> U/euf/b/n on input line 106.
)) (C:\Users\madha\AppData\Local\Programs\MiKTeX\tex/latex/algorithms\algorithmic.sty
Package: algorithmic 2009/08/24 v0.1 Document Style `algorithmic'
 (C:\Users\madha\AppData\Local\Programs\MiKTeX\tex/latex/base\ifthen.sty
Package: ifthen 2022/04/13 v1.1d Standard LaTeX ifthen package (DPC)
) (C:\Users\madha\AppData\Local\Programs\MiKTeX\tex/latex/graphics\keyval.sty
Package: keyval 2022/05/29 v1.15 key=value parser (DPC)
\KV@toks@=\toks23
)
\c@ALC@unique=\count280
\c@ALC@line=\count281
\c@ALC@rem=\count282
\c@ALC@depth=\count283
\ALC@tlm=\skip54
\algorithmicindent=\skip55
) (C:\Users\madha\AppData\Local\Programs\MiKTeX\tex/latex/graphics\graphicx.sty
Package: graphicx 2021/09/16 v1.2d Enhanced LaTeX Graphics (DPC,SPQR)
 (C:\Users\madha\AppData\Local\Programs\MiKTeX\tex/latex/graphics\graphics.sty
Package: graphics 2022/03/10 v1.4e Standard LaTeX Graphics (DPC,SPQR)
 (C:\Users\madha\AppData\Local\Programs\MiKTeX\tex/latex/graphics\trig.sty
Package: trig 2021/08/11 v1.11 sin cos tan (DPC)
) (C:\Users\madha\AppData\Local\Programs\MiKTeX\tex/latex/graphics-cfg\graphics.cfg
File: graphics.cfg 2016/06/04 v1.11 sample graphics configuration
)
Package graphics Info: Driver file: pdftex.def on input line 107.
 (C:\Users\madha\AppData\Local\Programs\MiKTeX\tex/latex/graphics-def\pdftex.def
File: pdftex.def 2022/09/22 v1.2b Graphics/color driver for pdftex
))
\Gin@req@height=\dimen173
\Gin@req@width=\dimen174
) (C:\Users\madha\AppData\Local\Programs\MiKTeX\tex/latex/base\textcomp.sty
Package: textcomp 2020/02/02 v2.0n Standard LaTeX package
) (C:\Users\madha\AppData\Local\Programs\MiKTeX\tex/latex/xcolor\xcolor.sty
Package: xcolor 2023/11/15 v3.01 LaTeX color extensions (UK)
 (C:\Users\madha\AppData\Local\Programs\MiKTeX\tex/latex/graphics-cfg\color.cfg
File: color.cfg 2016/01/02 v1.6 sample color configuration
)
Package xcolor Info: Driver file: pdftex.def on input line 274.
 (C:\Users\madha\AppData\Local\Programs\MiKTeX\tex/latex/graphics\mathcolor.ltx)
Package xcolor Info: Model `cmy' substituted by `cmy0' on input line 1350.
Package xcolor Info: Model `hsb' substituted by `rgb' on input line 1354.
Package xcolor Info: Model `RGB' extended on input line 1366.
Package xcolor Info: Model `HTML' substituted by `rgb' on input line 1368.
Package xcolor Info: Model `Hsb' substituted by `hsb' on input line 1369.
Package xcolor Info: Model `tHsb' substituted by `hsb' on input line 1370.
Package xcolor Info: Model `HSB' substituted by `hsb' on input line 1371.
Package xcolor Info: Model `Gray' substituted by `gray' on input line 1372.
Package xcolor Info: Model `wave' substituted by `hsb' on input line 1373.
) (C:\Users\madha\AppData\Local\Programs\MiKTeX\tex/latex/base\inputenc.sty
Package: inputenc 2021/02/14 v1.3d Input encoding file
\inpenc@prehook=\toks24
\inpenc@posthook=\toks25
) (C:\Users\madha\AppData\Local\Programs\MiKTeX\tex/latex/caption\caption.sty
Package: caption 2023/08/05 v3.6o Customizing captions (AR)
 (C:\Users\madha\AppData\Local\Programs\MiKTeX\tex/latex/caption\caption3.sty
Package: caption3 2023/07/31 v2.4d caption3 kernel (AR)
\caption@tempdima=\dimen175
\captionmargin=\dimen176
\caption@leftmargin=\dimen177
\caption@rightmargin=\dimen178
\caption@width=\dimen179
\caption@indent=\dimen180
\caption@parindent=\dimen181
\caption@hangindent=\dimen182
Package caption Info: Unknown document class (or package),
(caption)             standard defaults will be used.
Package caption Info: \@makecaption = \long macro:#1#2->\ifx \@captype \@IEEEtablestring \footnotesize \bgroup \par \centering \@IEEEtabletopskipstrut {\normalfont \footnotesize #1}\\{\normalfont \footnotesize \scshape #2}\par \addvspace {0.5\baselineskip }\egroup \@IEEEtablecaptionsepspace \else \@IEEEfigurecaptionsepspace \setbox \@tempboxa \hbox {\normalfont \footnotesize {#1.}\nobreakspace \nobreakspace #2}\ifdim \wd \@tempboxa >\hsize \setbox \@tempboxa \hbox {\normalfont \footnotesize {#1.}\nobreakspace \nobreakspace }\parbox [t]{\hsize }{\normalfont \footnotesize \noindent \unhbox \@tempboxa #2}\else \ifCLASSOPTIONconference \hbox to\hsize {\normalfont \footnotesize \hfil \box \@tempboxa \hfil }\else \hbox to\hsize {\normalfont \footnotesize \box \@tempboxa \hfil }\fi \fi \fi  on input line 1175.
)

Package caption Warning: Unknown document class (or package),
(caption)                standard defaults will be used.
See the caption package documentation for explanation.

\c@caption@flags=\count284
\c@continuedfloat=\count285
) (C:\Users\madha\AppData\Local\Programs\MiKTeX\tex/latex/hyperref\hyperref.sty
Package: hyperref 2023-11-26 v7.01g Hypertext links for LaTeX
 (C:\Users\madha\AppData\Local\Programs\MiKTeX\tex/generic/iftex\iftex.sty
Package: iftex 2022/02/03 v1.0f TeX engine tests
) (C:\Users\madha\AppData\Local\Programs\MiKTeX\tex/generic/infwarerr\infwarerr.sty
Package: infwarerr 2019/12/03 v1.5 Providing info/warning/error messages (HO)
) (C:\Users\madha\AppData\Local\Programs\MiKTeX\tex/latex/kvsetkeys\kvsetkeys.sty
Package: kvsetkeys 2022-10-05 v1.19 Key value parser (HO)
) (C:\Users\madha\AppData\Local\Programs\MiKTeX\tex/generic/kvdefinekeys\kvdefinekeys.sty
Package: kvdefinekeys 2019-12-19 v1.6 Define keys (HO)
) (C:\Users\madha\AppData\Local\Programs\MiKTeX\tex/generic/pdfescape\pdfescape.sty
Package: pdfescape 2019/12/09 v1.15 Implements pdfTeX's escape features (HO)
 (C:\Users\madha\AppData\Local\Programs\MiKTeX\tex/generic/ltxcmds\ltxcmds.sty
Package: ltxcmds 2023-12-04 v1.26 LaTeX kernel commands for general use (HO)
) (C:\Users\madha\AppData\Local\Programs\MiKTeX\tex/generic/pdftexcmds\pdftexcmds.sty
Package: pdftexcmds 2020-06-27 v0.33 Utility functions of pdfTeX for LuaTeX (HO)
Package pdftexcmds Info: \pdf@primitive is available.
Package pdftexcmds Info: \pdf@ifprimitive is available.
Package pdftexcmds Info: \pdfdraftmode found.
)) (C:\Users\madha\AppData\Local\Programs\MiKTeX\tex/latex/hycolor\hycolor.sty
Package: hycolor 2020-01-27 v1.10 Color options for hyperref/bookmark (HO)
) (C:\Users\madha\AppData\Local\Programs\MiKTeX\tex/latex/letltxmacro\letltxmacro.sty
Package: letltxmacro 2019/12/03 v1.6 Let assignment for LaTeX macros (HO)
) (C:\Users\madha\AppData\Local\Programs\MiKTeX\tex/latex/auxhook\auxhook.sty
Package: auxhook 2019-12-17 v1.6 Hooks for auxiliary files (HO)
) (C:\Users\madha\AppData\Local\Programs\MiKTeX\tex/latex/hyperref\nameref.sty
Package: nameref 2023-11-26 v2.56 Cross-referencing by name of section
 (C:\Users\madha\AppData\Local\Programs\MiKTeX\tex/latex/refcount\refcount.sty
Package: refcount 2019/12/15 v3.6 Data extraction from label references (HO)
) (C:\Users\madha\AppData\Local\Programs\MiKTeX\tex/generic/gettitlestring\gettitlestring.sty
Package: gettitlestring 2019/12/15 v1.6 Cleanup title references (HO)
 (C:\Users\madha\AppData\Local\Programs\MiKTeX\tex/latex/kvoptions\kvoptions.sty
Package: kvoptions 2022-06-15 v3.15 Key value format for package options (HO)
))
\c@section@level=\count286
) (C:\Users\madha\AppData\Local\Programs\MiKTeX\tex/latex/etoolbox\etoolbox.sty
Package: etoolbox 2020/10/05 v2.5k e-TeX tools for LaTeX (JAW)
\etb@tempcnta=\count287
)
\@linkdim=\dimen183
\Hy@linkcounter=\count288
\Hy@pagecounter=\count289
 (C:\Users\madha\AppData\Local\Programs\MiKTeX\tex/latex/hyperref\pd1enc.def
File: pd1enc.def 2023-11-26 v7.01g Hyperref: PDFDocEncoding definition (HO)
Now handling font encoding PD1 ...
... no UTF-8 mapping file for font encoding PD1
) (C:\Users\madha\AppData\Local\Programs\MiKTeX\tex/generic/intcalc\intcalc.sty
Package: intcalc 2019/12/15 v1.3 Expandable calculations with integers (HO)
)
\Hy@SavedSpaceFactor=\count290
 (C:\Users\madha\AppData\Local\Programs\MiKTeX\tex/latex/hyperref\puenc.def
File: puenc.def 2023-11-26 v7.01g Hyperref: PDF Unicode definition (HO)
Now handling font encoding PU ...
... no UTF-8 mapping file for font encoding PU
)
Package hyperref Info: Hyper figures OFF on input line 4181.
Package hyperref Info: Link nesting OFF on input line 4186.
Package hyperref Info: Hyper index ON on input line 4189.
Package hyperref Info: Plain pages OFF on input line 4196.
Package hyperref Info: Backreferencing OFF on input line 4201.
Package hyperref Info: Implicit mode ON; LaTeX internals redefined.
Package hyperref Info: Bookmarks ON on input line 4448.
\c@Hy@tempcnt=\count291
 (C:\Users\madha\AppData\Local\Programs\MiKTeX\tex/latex/url\url.sty
\Urlmuskip=\muskip17
Package: url 2013/09/16  ver 3.4  Verb mode for urls, etc.
)
LaTeX Info: Redefining \url on input line 4786.
\XeTeXLinkMargin=\dimen184
 (C:\Users\madha\AppData\Local\Programs\MiKTeX\tex/generic/bitset\bitset.sty
Package: bitset 2019/12/09 v1.3 Handle bit-vector datatype (HO)
 (C:\Users\madha\AppData\Local\Programs\MiKTeX\tex/generic/bigintcalc\bigintcalc.sty
Package: bigintcalc 2019/12/15 v1.5 Expandable calculations on big integers (HO)
))
\Fld@menulength=\count292
\Field@Width=\dimen185
\Fld@charsize=\dimen186
Package hyperref Info: Hyper figures OFF on input line 6065.
Package hyperref Info: Link nesting OFF on input line 6070.
Package hyperref Info: Hyper index ON on input line 6073.
Package hyperref Info: backreferencing OFF on input line 6080.
Package hyperref Info: Link coloring OFF on input line 6085.
Package hyperref Info: Link coloring with OCG OFF on input line 6090.
Package hyperref Info: PDF/A mode OFF on input line 6095.
 (C:\Users\madha\AppData\Local\Programs\MiKTeX\tex/latex/base\atbegshi-ltx.sty
Package: atbegshi-ltx 2021/01/10 v1.0c Emulation of the original atbegshi
package with kernel methods
)
\Hy@abspage=\count293
\c@Item=\count294
\c@Hfootnote=\count295
)
Package hyperref Info: Driver (autodetected): hpdftex.
 (C:\Users\madha\AppData\Local\Programs\MiKTeX\tex/latex/hyperref\hpdftex.def
File: hpdftex.def 2023-11-26 v7.01g Hyperref driver for pdfTeX
 (C:\Users\madha\AppData\Local\Programs\MiKTeX\tex/latex/base\atveryend-ltx.sty
Package: atveryend-ltx 2020/08/19 v1.0a Emulation of the original atveryend package
with kernel methods
)
\Fld@listcount=\count296
\c@bookmark@seq@number=\count297
 (C:\Users\madha\AppData\Local\Programs\MiKTeX\tex/latex/rerunfilecheck\rerunfilecheck.sty
Package: rerunfilecheck 2022-07-10 v1.10 Rerun checks for auxiliary files (HO)
 (C:\Users\madha\AppData\Local\Programs\MiKTeX\tex/generic/uniquecounter\uniquecounter.sty
Package: uniquecounter 2019/12/15 v1.4 Provide unlimited unique counter (HO)
)
Package uniquecounter Info: New unique counter `rerunfilecheck' on input line 285.
)
\Hy@SectionHShift=\skip56
) (C:\Users\madha\AppData\Local\Programs\MiKTeX\tex/latex/siunitx\siunitx.sty
Package: siunitx 2025-04-19 v3.4.9 A comprehensive (SI) units package
\l__siunitx_number_uncert_offset_int=\count298
\l__siunitx_number_exponent_fixed_int=\count299
\l__siunitx_number_min_decimal_int=\count300
\l__siunitx_number_min_integer_int=\count301
\l__siunitx_number_round_precision_int=\count302
\l__siunitx_number_lower_threshold_int=\count303
\l__siunitx_number_upper_threshold_int=\count304
\l__siunitx_number_group_first_int=\count305
\l__siunitx_number_group_size_int=\count306
\l__siunitx_number_group_minimum_int=\count307
\l__siunitx_angle_tmp_dim=\dimen187
\l__siunitx_angle_marker_box=\box55
\l__siunitx_angle_unit_box=\box56
\l__siunitx_compound_count_int=\count308
 (C:\Users\madha\AppData\Local\Programs\MiKTeX\tex/latex/translations\translations.sty
Package: translations 2022/02/05 v1.12 internationalization of LaTeX2e packages (CN)
)
\l__siunitx_table_tmp_box=\box57
\l__siunitx_table_tmp_dim=\dimen188
\l__siunitx_table_column_width_dim=\dimen189
\l__siunitx_table_integer_box=\box58
\l__siunitx_table_decimal_box=\box59
\l__siunitx_table_uncert_box=\box60
\l__siunitx_table_before_box=\box61
\l__siunitx_table_after_box=\box62
\l__siunitx_table_before_dim=\dimen190
\l__siunitx_table_carry_dim=\dimen191
\l__siunitx_unit_tmp_int=\count309
\l__siunitx_unit_position_int=\count310
\l__siunitx_unit_total_int=\count311
 (C:\Users\madha\AppData\Local\Programs\MiKTeX\tex/latex/tools\array.sty
Package: array 2023/10/16 v2.5g Tabular extension package (FMi)
\col@sep=\dimen192
\ar@mcellbox=\box63
\extrarowheight=\dimen193
\NC@list=\toks26
\extratabsurround=\skip57
\backup@length=\skip58
\ar@cellbox=\box64
))
Package translations Info: No language package found. I am going to use `english' as default language. on input line 19.
 (C:\Users\madha\AppData\Local\Programs\MiKTeX\tex/latex/l3backend\l3backend-pdftex.def
File: l3backend-pdftex.def 2024-01-04 L3 backend support: PDF output (pdfTeX)
\l__color_backend_stack_int=\count312
\l__pdf_internal_box=\box65
) (report.aux)
\openout1 = `report.aux'.

LaTeX Font Info:    Checking defaults for OML/cmm/m/it on input line 19.
LaTeX Font Info:    ... okay on input line 19.
LaTeX Font Info:    Checking defaults for OMS/cmsy/m/n on input line 19.
LaTeX Font Info:    ... okay on input line 19.
LaTeX Font Info:    Checking defaults for OT1/cmr/m/n on input line 19.
LaTeX Font Info:    ... okay on input line 19.
LaTeX Font Info:    Checking defaults for T1/cmr/m/n on input line 19.
LaTeX Font Info:    ... okay on input line 19.
LaTeX Font Info:    Checking defaults for TS1/cmr/m/n on input line 19.
LaTeX Font Info:    ... okay on input line 19.
LaTeX Font Info:    Checking defaults for OMX/cmex/m/n on input line 19.
LaTeX Font Info:    ... okay on input line 19.
LaTeX Font Info:    Checking defaults for U/cmr/m/n on input line 19.
LaTeX Font Info:    ... okay on input line 19.
LaTeX Font Info:    Checking defaults for PD1/pdf/m/n on input line 19.
LaTeX Font Info:    ... okay on input line 19.
LaTeX Font Info:    Checking defaults for PU/pdf/m/n on input line 19.
LaTeX Font Info:    ... okay on input line 19.

-- Lines per column: 56 (exact).
(C:\Users\madha\AppData\Local\Programs\MiKTeX\tex/context/base/mkii\supp-pdf.mkii
[Loading MPS to PDF converter (version 2006.09.02).]
\scratchcounter=\count313
\scratchdimen=\dimen194
\scratchbox=\box66
\nofMPsegments=\count314
\nofMParguments=\count315
\everyMPshowfont=\toks27
\MPscratchCnt=\count316
\MPscratchDim=\dimen195
\MPnumerator=\count317
\makeMPintoPDFobject=\count318
\everyMPtoPDFconversion=\toks28
) (C:\Users\madha\AppData\Local\Programs\MiKTeX\tex/latex/epstopdf-pkg\epstopdf-base.sty
Package: epstopdf-base 2020-01-24 v2.11 Base part for package epstopdf
Package epstopdf-base Info: Redefining graphics rule for `.eps' on input line 485.
 (C:\Users\madha\AppData\Local\Programs\MiKTeX\tex/latex/00miktex\epstopdf-sys.cfg
File: epstopdf-sys.cfg 2021/03/18 v2.0 Configuration of epstopdf for MiKTeX
))
Package caption Info: Begin \AtBeginDocument code.
Package caption Info: hyperref package is loaded.
Package caption Info: End \AtBeginDocument code.
Package hyperref Info: Link coloring OFF on input line 19.
 (report.out) (report.out)
\@outlinefile=\write3
\openout3 = `report.out'.

 (C:\Users\madha\AppData\Local\Programs\MiKTeX\tex/latex/translations/dicts\translations-basic-dictionary-english.trsl
File: translations-basic-dictionary-english.trsl (english translation file `translations-basic-dictionary')
)
Package translations Info: loading dictionary `translations-basic-dictionary' for `english'. on input line 19.
LaTeX Font Info:    Trying to load font information for U+msa on input line 80.
 (C:\Users\madha\AppData\Local\Programs\MiKTeX\tex/latex/amsfonts\umsa.fd
File: umsa.fd 2013/01/14 v3.01 AMS symbols A
)
LaTeX Font Info:    Trying to load font information for U+msb on input line 80.
 (C:\Users\madha\AppData\Local\Programs\MiKTeX\tex/latex/amsfonts\umsb.fd
File: umsb.fd 2013/01/14 v3.01 AMS symbols B
)
Underfull \vbox (badness 1173) has occurred while \output is active []

 [1{C:/Users/madha/AppData/Local/MiKTeX/fonts/map/pdftex/pdftex.map}{C:/Users/madha/AppData/Local/Programs/MiKTeX/fonts/enc/dvips/base/8r.enc}


]
<Images/Single_Ring_SRR.png, id=160, 634.37pt x 618.31pt>
File: Images/Single_Ring_SRR.png Graphic file (type png)
<use Images/Single_Ring_SRR.png>
Package pdftex.def Info: Images/Single_Ring_SRR.png  used on input line 208.
(pdftex.def)             Requested size: 103.19843pt x 100.58267pt.
<Images/Single_Circular_Equivalent_model.png, id=161, 780.9175pt x 839.135pt>
File: Images/Single_Circular_Equivalent_model.png Graphic file (type png)
<use Images/Single_Circular_Equivalent_model.png>
Package pdftex.def Info: Images/Single_Circular_Equivalent_model.png  used on input line 215.
(pdftex.def)             Requested size: 103.19843pt x 110.88396pt.
<Images/Double_Ring_SRR.png, id=162, 153.57375pt x 145.54375pt>
File: Images/Double_Ring_SRR.png Graphic file (type png)
<use Images/Double_Ring_SRR.png>
Package pdftex.def Info: Images/Double_Ring_SRR.png  used on input line 234.
(pdftex.def)             Requested size: 103.19843pt x 97.80249pt.
<Images/Double_Circular_Equivalent_modle.png, id=163, 865.2325pt x 461.725pt>
File: Images/Double_Circular_Equivalent_modle.png Graphic file (type png)
<use Images/Double_Circular_Equivalent_modle.png>
Package pdftex.def Info: Images/Double_Circular_Equivalent_modle.png  used on input line 241.
(pdftex.def)             Requested size: 154.80157pt x 82.60669pt.
 [2 <./Images/Single_Ring_SRR.png (PNG copy)> <./Images/Single_Circular_Equivalent_model.png (PNG copy)>]
<Images/Double_Ring_SRR_Transmission_line.png, id=183, 301.125pt x 260.975pt>
File: Images/Double_Ring_SRR_Transmission_line.png Graphic file (type png)
<use Images/Double_Ring_SRR_Transmission_line.png>
Package pdftex.def Info: Images/Double_Ring_SRR_Transmission_line.png  used on input line 290.
(pdftex.def)             Requested size: 129.0pt x 111.80292pt.
<Images/With_Transmission_line_Equivalent.png, id=184, 1636.1125pt x 649.42625pt>
File: Images/With_Transmission_line_Equivalent.png Graphic file (type png)
<use Images/With_Transmission_line_Equivalent.png>
Package pdftex.def Info: Images/With_Transmission_line_Equivalent.png  used on input line 297.
(pdftex.def)             Requested size: 129.0pt x 51.20204pt.
<Images/transmission_line_quarter_wave.jpg, id=185, 963.6pt x 313.9228pt>
File: Images/transmission_line_quarter_wave.jpg Graphic file (type jpg)
<use Images/transmission_line_quarter_wave.jpg>
Package pdftex.def Info: Images/transmission_line_quarter_wave.jpg  used on input line 318.
(pdftex.def)             Requested size: 258.0pt x 84.05135pt.

Overfull \hbox (6.0pt too wide) in paragraph at lines 318--319
 [][] 
 []

[3 <./Images/Double_Ring_SRR.png (PNG copy)> <./Images/Double_Circular_Equivalent_modle.png (PNG copy)> <./Images/Double_Ring_SRR_Transmission_line.png (PNG copy)> <./Images/With_Transmission_line_Equivalent.png (PNG copy)> <./Images/transmission_line_quarter_wave.jpg>]
Underfull \hbox (badness 1383) in paragraph at lines 367--368
[]\OT1/ptm/b/n/10 High Di-elec-tric Strength\OT1/ptm/m/n/10 : FR4 has high di-elec-tric
 []

[4]
<Images/single_ring_srr_transmission_line.png, id=208, 1267.73625pt x 805.0075pt>
File: Images/single_ring_srr_transmission_line.png Graphic file (type png)
<use Images/single_ring_srr_transmission_line.png>
Package pdftex.def Info: Images/single_ring_srr_transmission_line.png  used on input line 402.
(pdftex.def)             Requested size: 252.0pt x 160.01598pt.
<Images/WhatsApp Image 2025-05-05 at 19.06.00_49c8992b.jpg, id=209, 963.6pt x 463.7325pt>
File: Images/WhatsApp Image 2025-05-05 at 19.06.00_49c8992b.jpg Graphic file (type jpg)
<use Images/WhatsApp Image 2025-05-05 at 19.06.00_49c8992b.jpg>
Package pdftex.def Info: Images/WhatsApp Image 2025-05-05 at 19.06.00_49c8992b.jpg  used on input line 409.
(pdftex.def)             Requested size: 252.0pt x 121.27519pt.
<Images/transmissionthing.png, id=210, 840.89156pt x 489.32813pt>
File: Images/transmissionthing.png Graphic file (type png)
<use Images/transmissionthing.png>
Package pdftex.def Info: Images/transmissionthing.png  used on input line 426.
(pdftex.def)             Requested size: 252.0pt x 146.64276pt.
<Images/attached tranmission line.png, id=212, 1248.16313pt x 487.06969pt>
File: Images/attached tranmission line.png Graphic file (type png)
<use Images/attached tranmission line.png>
Package pdftex.def Info: Images/attached tranmission line.png  used on input line 432.
(pdftex.def)             Requested size: 252.0pt x 98.33379pt.
 [5 <./Images/single_ring_srr_transmission_line.png (PNG copy)> <./Images/WhatsApp Image 2025-05-05 at 19.06.00_49c8992b.jpg>]
<Images/WhatsApp Image 2025-05-05 at 21.11.26_959ad83c.jpg, id=219, 951.555pt x 605.26125pt>
File: Images/WhatsApp Image 2025-05-05 at 21.11.26_959ad83c.jpg Graphic file (type jpg)
<use Images/WhatsApp Image 2025-05-05 at 21.11.26_959ad83c.jpg>
Package pdftex.def Info: Images/WhatsApp Image 2025-05-05 at 21.11.26_959ad83c.jpg  used on input line 446.
(pdftex.def)             Requested size: 252.0pt x 160.29187pt.
<Images/WhatsApp Image 2025-05-05 at 21.13.55_aaad92d6.jpg, id=220, 963.6pt x 462.97969pt>
File: Images/WhatsApp Image 2025-05-05 at 21.13.55_aaad92d6.jpg Graphic file (type jpg)
<use Images/WhatsApp Image 2025-05-05 at 21.13.55_aaad92d6.jpg>
Package pdftex.def Info: Images/WhatsApp Image 2025-05-05 at 21.13.55_aaad92d6.jpg  used on input line 452.
(pdftex.def)             Requested size: 252.0pt x 121.07832pt.
<Images/notmatchingzplot.png, id=221, 1107.38719pt x 484.81125pt>
File: Images/notmatchingzplot.png Graphic file (type png)
<use Images/notmatchingzplot.png>
Package pdftex.def Info: Images/notmatchingzplot.png  used on input line 458.
(pdftex.def)             Requested size: 252.0pt x 110.32062pt.
 [6 <./Images/transmissionthing.png> <./Images/attached tranmission line.png> <./Images/WhatsApp Image 2025-05-05 at 21.11.26_959ad83c.jpg> <./Images/WhatsApp Image 2025-05-05 at 21.13.55_aaad92d6.jpg> <./Images/notmatchingzplot.png>]
<Images/WhatsApp Image 2025-05-06 at 06.33.22_90f1b653.jpg, id=241, 949.29657pt x 604.50844pt>
File: Images/WhatsApp Image 2025-05-06 at 06.33.22_90f1b653.jpg Graphic file (type jpg)
<use Images/WhatsApp Image 2025-05-06 at 06.33.22_90f1b653.jpg>
Package pdftex.def Info: Images/WhatsApp Image 2025-05-06 at 06.33.22_90f1b653.jpg  used on input line 563.
(pdftex.def)             Requested size: 252.0pt x 160.47069pt.


LaTeX Warning: `h' float specifier changed to `ht'.

<Images/WhatsApp Image 2025-05-06 at 06.31.47_409a2904.jpg, id=242, 963.6pt x 460.72125pt>
File: Images/WhatsApp Image 2025-05-06 at 06.31.47_409a2904.jpg Graphic file (type jpg)
<use Images/WhatsApp Image 2025-05-06 at 06.31.47_409a2904.jpg>
Package pdftex.def Info: Images/WhatsApp Image 2025-05-06 at 06.31.47_409a2904.jpg  used on input line 569.
(pdftex.def)             Requested size: 252.0pt x 120.4877pt.

LaTeX Warning: `h' float specifier changed to `ht'.

<Images/WhatsApp Image 2025-05-06 at 06.32.06_5ce3b829.jpg, id=243, 963.6pt x 465.23813pt>
File: Images/WhatsApp Image 2025-05-06 at 06.32.06_5ce3b829.jpg Graphic file (type jpg)
<use Images/WhatsApp Image 2025-05-06 at 06.32.06_5ce3b829.jpg>
Package pdftex.def Info: Images/WhatsApp Image 2025-05-06 at 06.32.06_5ce3b829.jpg  used on input line 575.
(pdftex.def)             Requested size: 252.0pt x 121.66895pt.

LaTeX Warning: `h' float specifier changed to `ht'.

<Images/final_double_ring_srr.jpg, id=244, 946.28531pt x 599.99156pt>
File: Images/final_double_ring_srr.jpg Graphic file (type jpg)
<use Images/final_double_ring_srr.jpg>
Package pdftex.def Info: Images/final_double_ring_srr.jpg  used on input line 585.
(pdftex.def)             Requested size: 258.0pt x 163.58372pt.

Overfull \hbox (6.0pt too wide) in paragraph at lines 585--586
 [][] 
 []


LaTeX Warning: `h' float specifier changed to `ht'.


Underfull \hbox (badness 2698) in paragraph at lines 591--593
\OT1/ptm/m/n/10 res-o-nant fre-quency is ob-served to be 4.96 GHz. The
 []


Underfull \hbox (badness 10000) in paragraph at lines 591--593

 []

[7 <./Images/WhatsApp Image 2025-05-06 at 06.33.22_90f1b653.jpg> <./Images/WhatsApp Image 2025-05-06 at 06.31.47_409a2904.jpg>]
Underfull \hbox (badness 10000) in paragraph at lines 635--637

 []

<Images/final_dielectric_sensitivity.jpg, id=269, 963.6pt x 589.4522pt>
File: Images/final_dielectric_sensitivity.jpg Graphic file (type jpg)
<use Images/final_dielectric_sensitivity.jpg>
Package pdftex.def Info: Images/final_dielectric_sensitivity.jpg  used on input line 641.
(pdftex.def)             Requested size: 258.0pt x 157.82306pt.

Overfull \hbox (6.0pt too wide) in paragraph at lines 641--642
 [][] 
 []


LaTeX Warning: `h' float specifier changed to `ht'.

<Images/Fiinal_S_Param_Plot.jpg, id=270, 963.6pt x 460.72125pt>
File: Images/Fiinal_S_Param_Plot.jpg Graphic file (type jpg)
<use Images/Fiinal_S_Param_Plot.jpg>
Package pdftex.def Info: Images/Fiinal_S_Param_Plot.jpg  used on input line 653.
(pdftex.def)             Requested size: 258.0pt x 123.35596pt.

Overfull \hbox (6.0pt too wide) in paragraph at lines 653--654
 [][] 
 []

<Images/Final_Z_Param_Plot.jpg, id=271, 963.6pt x 465.23813pt>
File: Images/Final_Z_Param_Plot.jpg Graphic file (type jpg)
<use Images/Final_Z_Param_Plot.jpg>
Package pdftex.def Info: Images/Final_Z_Param_Plot.jpg  used on input line 666.
(pdftex.def)             Requested size: 258.0pt x 124.56532pt.

Overfull \hbox (6.0pt too wide) in paragraph at lines 666--667
 [][] 
 []

[8 <./Images/WhatsApp Image 2025-05-06 at 06.32.06_5ce3b829.jpg> <./Images/final_double_ring_srr.jpg> <./Images/final_dielectric_sensitivity.jpg> <./Images/Fiinal_S_Param_Plot.jpg>]

** Conference Paper **
Before submitting the final camera ready copy, remember to:

 1. Manually equalize the lengths of two columns on the last page
 of your paper;

 2. Ensure that any PostScript and/or PDF output post-processing
 uses only Type 1 fonts and that every step in the generation
 process uses the appropriate paper size.

[9 <./Images/Final_Z_Param_Plot.jpg>] (report.aux)
 ***********
LaTeX2e <2023-11-01> patch level 1
L3 programming layer <2024-01-04>
 ***********
Package rerunfilecheck Info: File `report.out' has not changed.
(rerunfilecheck)             Checksum: DCC46AE49647359B7BBD338B3C7D2B81;6203.
 ) 
Here is how much of TeX's memory you used:
 16761 strings out of 474486
 333552 string characters out of 5743755
 1955542 words of memory out of 5000000
 38755 multiletter control sequences out of 15000+600000
 598686 words of font info for 112 fonts, out of 8000000 for 9000
 1141 hyphenation exceptions out of 8191
 75i,11n,79p,756b,1111s stack positions out of 10000i,1000n,20000p,200000b,200000s
<C:/Users/madha/AppData/Local/Programs/MiKTeX/fonts/type1/public/amsfonts/cm/cmbx10.pfb><C:/Users/madha/AppData/Local/Programs/MiKTeX/fonts/type1/public/amsfonts/cm/cmex10.pfb><C:/Users/madha/AppData/Local/Programs/MiKTeX/fonts/type1/public/amsfonts/cm/cmmi10.pfb><C:/Users/madha/AppData/Local/Programs/MiKTeX/fonts/type1/public/amsfonts/cm/cmmi5.pfb><C:/Users/madha/AppData/Local/Programs/MiKTeX/fonts/type1/public/amsfonts/cm/cmmi7.pfb><C:/Users/madha/AppData/Local/Programs/MiKTeX/fonts/type1/public/amsfonts/cm/cmmi8.pfb><C:/Users/madha/AppData/Local/Programs/MiKTeX/fonts/type1/public/amsfonts/cm/cmr10.pfb><C:/Users/madha/AppData/Local/Programs/MiKTeX/fonts/type1/public/amsfonts/cm/cmr5.pfb><C:/Users/madha/AppData/Local/Programs/MiKTeX/fonts/type1/public/amsfonts/cm/cmr6.pfb><C:/Users/madha/AppData/Local/Programs/MiKTeX/fonts/type1/public/amsfonts/cm/cmr7.pfb><C:/Users/madha/AppData/Local/Programs/MiKTeX/fonts/type1/public/amsfonts/cm/cmr8.pfb><C:/Users/madha/AppData/Local/Programs/MiKTeX/fonts/type1/public/amsfonts/cm/cmsy10.pfb><C:/Users/madha/AppData/Local/Programs/MiKTeX/fonts/type1/public/amsfonts/cm/cmsy5.pfb><C:/Users/madha/AppData/Local/Programs/MiKTeX/fonts/type1/public/amsfonts/cm/cmsy7.pfb><C:/Users/madha/AppData/Local/Programs/MiKTeX/fonts/type1/public/amsfonts/cm/cmsy8.pfb><C:/Users/madha/AppData/Local/Programs/MiKTeX/fonts/type1/urw/times/utmb8a.pfb><C:/Users/madha/AppData/Local/Programs/MiKTeX/fonts/type1/urw/times/utmbi8a.pfb><C:/Users/madha/AppData/Local/Programs/MiKTeX/fonts/type1/urw/times/utmr8a.pfb><C:/Users/madha/AppData/Local/Programs/MiKTeX/fonts/type1/urw/times/utmri8a.pfb>
Output written on report.pdf (9 pages, 3704146 bytes).
PDF statistics:
 407 PDF objects out of 1000 (max. 8388607)
 118 named destinations out of 1000 (max. 500000)
 386 words of extra memory for PDF output out of 10000 (max. 10000000)

